<?xml version="1.0" encoding="UTF-8"?>
<!-- Generated by org.testng.reporters.JUnitReportReporter -->
<testsuite hostname="DESKTOP-SGLBUJM" failures="0" tests="2" name="API.APIProject.tc_01" time="4.269" errors="0" timestamp="2022-06-19T08:49:36 IST" skipped="0">
  <testcase classname="API.APIProject.tc_01" name="setup" time="2.878"/>
  <system-out/>
  <testcase classname="API.APIProject.tc_01" name="testc_1" time="1.391"/>
  <system-out/>
</testsuite> <!-- API.APIProject.tc_01 -->
