<?xml version="1.0" encoding="UTF-8"?>
<!-- Generated by org.testng.reporters.JUnitReportReporter -->
<testsuite hostname="DESKTOP-SGLBUJM" failures="0" tests="2" name="API.APIProject.post_tc_02" time="5.106" errors="0" timestamp="2022-06-19T17:46:23 IST" skipped="0">
  <testcase classname="API.APIProject.post_tc_02" name="createPost" time="3.900"/>
  <system-out/>
  <testcase classname="API.APIProject.post_tc_02" name="getpatDemo" time="1.206"/>
  <system-out/>
</testsuite> <!-- API.APIProject.post_tc_02 -->
